  C:freeglut.dll
  C:glew32.dll
  C:glew32s.dll
  3 File(s) copied
  C:glfw3.dll
  C:glfw3dll.dll
  C:glfw3_mt.dll
  3 File(s) copied
  C:SOIL.dll
  1 File(s) copied
  main.cpp
C:\Informatica\An 3\Sem 1\Grafica pe Calculator\proiect-grafica\Car depasire\main.cpp(265,31): warning C4244: 'argument': conversion from 'GLfloat' to 'int', possible loss of data
C:\Informatica\An 3\Sem 1\Grafica pe Calculator\proiect-grafica\Car depasire\main.cpp(265,21): warning C4244: 'argument': conversion from 'GLfloat' to 'int', possible loss of data
x64\Debug\main.obj : warning LNK4042: object specified more than once; extras ignored
SOIL.lib(SOIL.obj) : warning LNK4099: PDB '' was not found with 'SOIL.lib(SOIL.obj)' or at ''; linking object as if no debug info
SOIL.lib(stb_image_aug.obj) : warning LNK4099: PDB '' was not found with 'SOIL.lib(stb_image_aug.obj)' or at ''; linking object as if no debug info
SOIL.lib(image_helper.obj) : warning LNK4099: PDB '' was not found with 'SOIL.lib(image_helper.obj)' or at ''; linking object as if no debug info
SOIL.lib(image_DXT.obj) : warning LNK4099: PDB '' was not found with 'SOIL.lib(image_DXT.obj)' or at ''; linking object as if no debug info
  Car depasire.vcxproj -> C:\Informatica\An 3\Sem 1\Grafica pe Calculator\proiect-grafica\x64\Debug\Car depasire.exe
  0 File(s) copied
  0 File(s) copied
  0 File(s) copied
